<?xml version="1.0" encoding="UTF-8"?>
<testng-results ignored="0" total="1" passed="1" failed="0" skipped="0">
  <reporter-output>
  </reporter-output>
  <suite started-at="2022-12-03T04:25:50 CST" name="Default suite" finished-at="2022-12-03T04:25:50 CST" duration-ms="38">
    <groups>
    </groups>
    <test started-at="2022-12-03T04:25:50 CST" name="Default test" finished-at="2022-12-03T04:25:50 CST" duration-ms="38">
      <class name="Project_Junit.TestPizzeriaEjercicio1">
        <test-method is-config="true" signature="preConditions()[pri:0, instance:Project_Junit.TestPizzeriaEjercicio1@2f8dad04]" started-at="2022-12-03T04:25:50 CST" name="preConditions" finished-at="2022-12-03T04:25:50 CST" duration-ms="7" status="PASS">
          <reporter-output>
          </reporter-output>
        </test-method> <!-- preConditions -->
        <test-method is-config="true" signature="initialConditions()[pri:0, instance:Project_Junit.TestPizzeriaEjercicio1@2f8dad04]" started-at="2022-12-03T04:25:50 CST" name="initialConditions" finished-at="2022-12-03T04:25:50 CST" duration-ms="1" status="PASS">
          <reporter-output>
          </reporter-output>
        </test-method> <!-- initialConditions -->
        <test-method signature="verificarMensajeDeInicioSeDespliega()[pri:0, instance:Project_Junit.TestPizzeriaEjercicio1@2f8dad04]" started-at="2022-12-03T04:25:50 CST" name="verificarMensajeDeInicioSeDespliega" finished-at="2022-12-03T04:25:50 CST" duration-ms="7" status="PASS">
          <reporter-output>
          </reporter-output>
        </test-method> <!-- verificarMensajeDeInicioSeDespliega -->
      </class> <!-- Project_Junit.TestPizzeriaEjercicio1 -->
    </test> <!-- Default test -->
  </suite> <!-- Default suite -->
</testng-results>
