<?xml version="1.0" encoding="UTF-8"?>
<!-- Generated by org.testng.reporters.JUnitXMLReporter -->
<testsuite ignored="0" hostname="LAP-AJLARA" failures="0" tests="8" name="Default test" time="0.093" errors="0" timestamp="2022-12-03T14:27:34 CST">
  <testcase classname="Project_Junit.TestPizzeriaEjercicio2" name="verificarClienteConTarjeta" time="0.01"/>
  <testcase classname="Project_Junit.TestPizzeriaEjercicio2" name="verificarClienteSinTarjeta" time="0.001"/>
  <testcase classname="Project_Junit.TestPizzeriaEjercicio2" name="verificarGuardarCupon" time="0.002"/>
  <testcase classname="Project_Junit.TestPizzeriaEjercicio2" name="verificarNoGuardarCupon" time="0.001"/>
  <testcase classname="Project_Junit.TestPizzeriaEjercicio2" name="verificarSaldoEntre100Y150" time="0.002"/>
  <testcase classname="Project_Junit.TestPizzeriaEjercicio2" name="verificarSaldoEntre50Y100" time="0.001"/>
  <testcase classname="Project_Junit.TestPizzeriaEjercicio2" name="verificarSaldoMayorA150" time="0.001"/>
  <testcase classname="Project_Junit.TestPizzeriaEjercicio2" name="verificarSaldoMenorA50" time="0.001"/>
</testsuite> <!-- Default test -->
