<?xml version="1.0" encoding="UTF-8"?>
<!-- Generated by org.testng.reporters.JUnitXMLReporter -->
<testsuite ignored="0" hostname="LAP-AJLARA" failures="0" tests="14" name="Default test" time="0.121" errors="0" timestamp="2022-12-03T13:49:02 CST">
  <testcase classname="Project_Junit.TestPizzeriaEjercicio1" name="guardarIngredientesComoHongos" time="0.035"/>
  <testcase classname="Project_Junit.TestPizzeriaEjercicio1" name="verificarGuardarIngrediente1ComoOpcionInvalida" time="0.001"/>
  <testcase classname="Project_Junit.TestPizzeriaEjercicio1" name="verificarGuardarIngrediente1ComoPeperoni" time="0.001"/>
  <testcase classname="Project_Junit.TestPizzeriaEjercicio1" name="verificarGuardarIngrediente1ComoPimiento" time="0.001"/>
  <testcase classname="Project_Junit.TestPizzeriaEjercicio1" name="verificarGuardarIngrediente2ComoHongos" time="0.001"/>
  <testcase classname="Project_Junit.TestPizzeriaEjercicio1" name="verificarGuardarIngrediente2ComoJamon" time="0.001"/>
  <testcase classname="Project_Junit.TestPizzeriaEjercicio1" name="verificarGuardarIngrediente3ComoEspinaca" time="0.001"/>
  <testcase classname="Project_Junit.TestPizzeriaEjercicio1" name="verificarGuardarIngrediente3ComoSalchicha" time="0.001"/>
  <testcase classname="Project_Junit.TestPizzeriaEjercicio1" name="verificarListaIngredientesNoVegetarianos" time="0.003"/>
  <testcase classname="Project_Junit.TestPizzeriaEjercicio1" name="verificarListaIngredientesVegetarianos" time="0.003"/>
  <testcase classname="Project_Junit.TestPizzeriaEjercicio1" name="verificarMensajeDeInicioSeDespliega" time="0.003"/>
  <testcase classname="Project_Junit.TestPizzeriaEjercicio1" name="verificarOpcionVegAlPreguntarOpcionVeganaFalse" time="0.002"/>
  <testcase classname="Project_Junit.TestPizzeriaEjercicio1" name="verificarOpcionVegAlPreguntarOpcionVeganaTrue" time="0.002"/>
  <testcase classname="Project_Junit.TestPizzeriaEjercicio1" name="verificarOpcionVeganaVerdadera" time="0.001"/>
</testsuite> <!-- Default test -->
